#
# There is insufficient memory for the Java Runtime Environment to continue.
# Native memory allocation (mmap) failed to map 132120576 bytes for G1 virtual space
# Possible reasons:
#   The system is out of physical RAM or swap space
#   The process is running with CompressedOops enabled, and the Java Heap may be blocking the growth of the native heap
# Possible solutions:
#   Reduce memory load on the system
#   Increase physical memory or swap space
#   Check if swap backing store is full
#   Decrease Java heap size (-Xmx/-Xms)
#   Decrease number of Java threads
#   Decrease Java thread stack sizes (-Xss)
#   Set larger code cache with -XX:ReservedCodeCacheSize=
#   JVM is running with Unscaled Compressed Oops mode in which the Java heap is
#     placed in the first 4GB address space. The Java Heap base address is the
#     maximum limit for the native heap growth. Please use -XX:HeapBaseMinAddress
#     to set the Java Heap base and to place the Java Heap above 4GB virtual address.
# This output file may be truncated or incomplete.
#
#  Out of Memory Error (os_windows.cpp:3769), pid=25284, tid=17684
#
# JRE version:  (17.0.6) (build )
# Java VM: OpenJDK 64-Bit Server VM (17.0.6+0-b2043.56-10027231, mixed mode, sharing, tiered, compressed oops, compressed class ptrs, g1 gc, windows-amd64)
# No core dump will be written. Minidumps are not enabled by default on client versions of Windows
#

---------------  S U M M A R Y ------------

Command Line: git4idea.http.GitAskPassApp Username for 'https://github.com': 

Host: Intel(R) Core(TM) i5-10300H CPU @ 2.50GHz, 8 cores, 7G,  Windows 11 , 64 bit Build 22621 (10.0.22621.1778)
Time: Sun Oct  1 14:52:40 2023 India Standard Time elapsed time: 0.011404 seconds (0d 0h 0m 0s)

---------------  T H R E A D  ---------------

Current thread (0x000002b2b8a8c200):  JavaThread "Unknown thread" [_thread_in_vm, id=17684, stack(0x000000f8a7a00000,0x000000f8a7b00000)]

Stack: [0x000000f8a7a00000,0x000000f8a7b00000]
Native frames: (J=compiled Java code, j=interpreted, Vv=VM code, C=native code)
V  [jvm.dll+0x683c9a]
V  [jvm.dll+0x8427a4]
V  [jvm.dll+0x843f9e]
V  [jvm.dll+0x844603]
V  [jvm.dll+0x249b75]
V  [jvm.dll+0x680b69]
V  [jvm.dll+0x67505a]
V  [jvm.dll+0x309acb]
V  [jvm.dll+0x310f86]
V  [jvm.dll+0x3608ee]
V  [jvm.dll+0x360b1f]
V  [jvm.dll+0x2dfbf8]
V  [jvm.dll+0x2e0b64]
V  [jvm.dll+0x814091]
V  [jvm.dll+0x36e6a1]
V  [jvm.dll+0x7f35cc]
V  [jvm.dll+0x3f0e8f]
V  [jvm.dll+0x3f29d1]
C  [jli.dll+0x526b]
C  [ucrtbase.dll+0x29363]
C  [KERNEL32.DLL+0x126ad]
C  [ntdll.dll+0x5a9f8]


---------------  P R O C E S S  ---------------

Threads class SMR info:
_java_thread_list=0x00007fff3a09c058, length=0, elements={
}

Java Threads: ( => current thread )

Other Threads:
  0x000002b2b8ae60b0 GCTaskThread "GC Thread#0" [stack: 0x000000f8a7b00000,0x000000f8a7c00000] [id=19880]
  0x000002b2b8af6c50 ConcurrentGCThread "G1 Main Marker" [stack: 0x000000f8a7c00000,0x000000f8a7d00000] [id=30544]
  0x000002b2b8af7e00 ConcurrentGCThread "G1 Conc#0" [stack: 0x000000f8a7d00000,0x000000f8a7e00000] [id=23364]

[error occurred during error reporting (printing all threads), id 0xc0000005, EXCEPTION_ACCESS_VIOLATION (0xc0000005) at pc=0x00007fff39850797]

VM state: not at safepoint (not fully initialized)

VM Mutex/Monitor currently owned by a thread:  ([mutex/lock_event])
[0x000002b2b8a89c70] Heap_lock - owner thread: 0x000002b2b8a8c200

Heap address: 0x0000000082800000, size: 2008 MB, Compressed Oops mode: 32-bit

CDS archive(s) mapped at: [0x0000000000000000-0x0000000000000000-0x0000000000000000), size 0, SharedBaseAddress: 0x0000000800000000, ArchiveRelocationMode: 0.
Narrow klass base: 0x0000000000000000, Narrow klass shift: 0, Narrow klass range: 0x0

GC Precious Log:
<Empty>

Heap:
 garbage-first heap   total 0K, used 0K [0x0000000082800000, 0x0000000100000000)
  region size 1024K, 0 young (0K), 0 survivors (0K)

[error occurred during error reporting (printing heap information), id 0xc0000005, EXCEPTION_ACCESS_VIOLATION (0xc0000005) at pc=0x00007fff39c3da89]

GC Heap History (0 events):
No events

Dll operation events (1 events):
Event: 0.006 Loaded shared library C:\Program Files\Android\Android Studio\jbr\bin\java.dll

Deoptimization events (0 events):
No events

Classes unloaded (0 events):
No events

Classes redefined (0 events):
No events

Internal exceptions (0 events):
No events

VM Operations (0 events):
No events

Events (0 events):
No events


Dynamic libraries:
0x00007ff669cb0000 - 0x00007ff669cba000 	C:\Program Files\Android\Android Studio\jbr\bin\java.exe
0x00007ff83d1d0000 - 0x00007ff83d3e4000 	C:\WINDOWS\SYSTEM32\ntdll.dll
0x00007ff83ce00000 - 0x00007ff83cec2000 	C:\WINDOWS\System32\KERNEL32.DLL
0x00007ff83a6f0000 - 0x00007ff83aa93000 	C:\WINDOWS\System32\KERNELBASE.dll
0x00007ff83a5d0000 - 0x00007ff83a6e1000 	C:\WINDOWS\System32\ucrtbase.dll
0x00007ff827620000 - 0x00007ff82763b000 	C:\Program Files\Android\Android Studio\jbr\bin\VCRUNTIME140.dll
0x00007ff820090000 - 0x00007ff8200a7000 	C:\Program Files\Android\Android Studio\jbr\bin\jli.dll
0x00007ff83cbd0000 - 0x00007ff83cd7b000 	C:\WINDOWS\System32\USER32.dll
0x00007ff825ad0000 - 0x00007ff825d5e000 	C:\WINDOWS\WinSxS\amd64_microsoft.windows.common-controls_6595b64144ccf1df_6.0.22621.1635_none_270f70857386168e\COMCTL32.dll
0x00007ff83af80000 - 0x00007ff83afa6000 	C:\WINDOWS\System32\win32u.dll
0x00007ff83ba20000 - 0x00007ff83bac7000 	C:\WINDOWS\System32\msvcrt.dll
0x00007ff83b820000 - 0x00007ff83b849000 	C:\WINDOWS\System32\GDI32.dll
0x00007ff83aaa0000 - 0x00007ff83abb9000 	C:\WINDOWS\System32\gdi32full.dll
0x00007ff83ac30000 - 0x00007ff83acca000 	C:\WINDOWS\System32\msvcp_win.dll
0x00007ff83bad0000 - 0x00007ff83bb01000 	C:\WINDOWS\System32\IMM32.DLL
0x00007ff8291a0000 - 0x00007ff8291ac000 	C:\Program Files\Android\Android Studio\jbr\bin\vcruntime140_1.dll
0x00007ffffb960000 - 0x00007ffffb9ed000 	C:\Program Files\Android\Android Studio\jbr\bin\msvcp140.dll
0x00007fff39560000 - 0x00007fff3a1ce000 	C:\Program Files\Android\Android Studio\jbr\bin\server\jvm.dll
0x00007ff83ca00000 - 0x00007ff83caae000 	C:\WINDOWS\System32\ADVAPI32.dll
0x00007ff83b770000 - 0x00007ff83b814000 	C:\WINDOWS\System32\sechost.dll
0x00007ff83cab0000 - 0x00007ff83cbc7000 	C:\WINDOWS\System32\RPCRT4.dll
0x00007ff833450000 - 0x00007ff833484000 	C:\WINDOWS\SYSTEM32\WINMM.dll
0x00007ff81afd0000 - 0x00007ff81afd9000 	C:\WINDOWS\SYSTEM32\WSOCK32.dll
0x00007ff833900000 - 0x00007ff83390a000 	C:\WINDOWS\SYSTEM32\VERSION.dll
0x00007ff83b410000 - 0x00007ff83b481000 	C:\WINDOWS\System32\WS2_32.dll
0x00007ff8396d0000 - 0x00007ff8396e8000 	C:\WINDOWS\SYSTEM32\kernel.appcore.dll
0x00007ff834940000 - 0x00007ff83494a000 	C:\Program Files\Android\Android Studio\jbr\bin\jimage.dll
0x00007ff837fc0000 - 0x00007ff8381ee000 	C:\WINDOWS\SYSTEM32\DBGHELP.DLL
0x00007ff83b080000 - 0x00007ff83b409000 	C:\WINDOWS\System32\combase.dll
0x00007ff83ced0000 - 0x00007ff83cfa7000 	C:\WINDOWS\System32\OLEAUT32.dll
0x00007ff821520000 - 0x00007ff821552000 	C:\WINDOWS\SYSTEM32\dbgcore.DLL
0x00007ff83acd0000 - 0x00007ff83ad4b000 	C:\WINDOWS\System32\bcryptPrimitives.dll
0x00007ff827420000 - 0x00007ff827445000 	C:\Program Files\Android\Android Studio\jbr\bin\java.dll

dbghelp: loaded successfully - version: 4.0.5 - missing functions: none
symbol engine: initialized successfully - sym options: 0x614 - pdb path: .;C:\Program Files\Android\Android Studio\jbr\bin;C:\WINDOWS\SYSTEM32;C:\WINDOWS\WinSxS\amd64_microsoft.windows.common-controls_6595b64144ccf1df_6.0.22621.1635_none_270f70857386168e;C:\Program Files\Android\Android Studio\jbr\bin\server

VM Arguments:
java_command: git4idea.http.GitAskPassApp Username for 'https://github.com': 
java_class_path (initial): C:/Program Files/Android/Android Studio/plugins/vcs-git/lib/git4idea-rt.jar;C:/Program Files/Android/Android Studio/lib/externalProcess-rt.jar;C:/Program Files/Android/Android Studio/lib/app.jar;C:/Program Files/Android/Android Studio/lib/3rd-party-rt.jar
Launcher Type: SUN_STANDARD

[Global flags]
     intx CICompilerCount                          = 4                                         {product} {ergonomic}
     uint ConcGCThreads                            = 2                                         {product} {ergonomic}
     uint G1ConcRefinementThreads                  = 8                                         {product} {ergonomic}
   size_t G1HeapRegionSize                         = 1048576                                   {product} {ergonomic}
    uintx GCDrainStackTargetSize                   = 64                                        {product} {ergonomic}
   size_t InitialHeapSize                          = 132120576                                 {product} {ergonomic}
   size_t MarkStackSize                            = 4194304                                   {product} {ergonomic}
   size_t MaxHeapSize                              = 2105540608                                {product} {ergonomic}
   size_t MinHeapDeltaBytes                        = 1048576                                   {product} {ergonomic}
   size_t MinHeapSize                              = 8388608                                   {product} {ergonomic}
    uintx NonNMethodCodeHeapSize                   = 5839372                                {pd product} {ergonomic}
    uintx NonProfiledCodeHeapSize                  = 122909434                              {pd product} {ergonomic}
    uintx ProfiledCodeHeapSize                     = 122909434                              {pd product} {ergonomic}
    uintx ReservedCodeCacheSize                    = 251658240                              {pd product} {ergonomic}
     bool SegmentedCodeCache                       = true                                      {product} {ergonomic}
   size_t SoftMaxHeapSize                          = 2105540608                             {manageable} {ergonomic}
     bool UseCompressedClassPointers               = true                           {product lp64_product} {ergonomic}
     bool UseCompressedOops                        = true                           {product lp64_product} {ergonomic}
     bool UseG1GC                                  = true                                      {product} {ergonomic}
     bool UseLargePagesIndividualAllocation        = false                                  {pd product} {ergonomic}

Logging:
Log output configuration:
 #0: stdout all=warning uptime,level,tags
 #1: stderr all=off uptime,level,tags

Environment Variables:
PATH=C:/Program Files/Git/mingw64/libexec/git-core;C:/Program Files/Git/mingw64/libexec/git-core;C:\Program Files\Git\mingw64\bin;C:\Program Files\Git\usr\bin;C:\Users\smitc\bin;C:\Program Files\Eclipse Foundation\jdk-8.0.302.8-hotspot\bin;C:\Program Files\Microsoft\jdk-11.0.16.101-hotspot\bin;C:\Program Files\Python311\Scripts\;C:\Program Files\Python311\;C:\app\smitc\product\21c\dbhomeXE\bin;C:\Program Files\Common Files\Oracle\Java\javapath;C:\Program Files (x86)\Common Files\Intel\Shared Libraries\redist\intel64\compiler;C:\Windows\system32;C:\Windows;C:\Windows\System32\Wbem;C:\Windows\System32\WindowsPowerShell\v1.0\;C:\Windows\System32\OpenSSH\;C:\Program Files (x86)\NVIDIA Corporation\PhysX\Common;C:\Program Files\NVIDIA Corporation\NVIDIA NvDLISR;C:\WINDOWS\system32;C:\WINDOWS;C:\WINDOWS\System32\Wbem;C:\WINDOWS\System32\WindowsPowerShell\v1.0\;C:\WINDOWS\System32\OpenSSH\;C:\Program Files\Microsoft SQL Server\150\Tools\Binn\;C:\ProgramData\chocolatey\bin;C:\Program Files\Git\cmd;C:\MinGW\bin;C:\Program Files\Microsoft SQL Server\130\Tools\Binn\;C:\Android;C:\Program Files\dotnet\;C:\Program Files\nodejs\;C:\Program Files\Cloudflare\Cloudflare WARP\;C:\Program Files\MySQL\MySQL Shell 8.0\bin\;C:\Users\smitc\AppData\Local\Microsoft\WindowsApps;C:\Users\smitc\AppData\Local\Programs\Microsoft VS Code\bin;C:\Users\smitc\AppData\Local\GitHubDesktop\bin;C:\Users\smitc\AppData\Roaming\npm
USERNAME=smitc
DISPLAY=:0.0
LC_ALL=en_US.UTF-8
TERM=xterm-256color
TMPDIR=C:\Users\smitc\AppData\Local\Temp
OS=Windows_NT
PROCESSOR_IDENTIFIER=Intel64 Family 6 Model 165 Stepping 2, GenuineIntel
TMP=C:\Users\smitc\AppData\Local\Temp
TEMP=C:\Users\smitc\AppData\Local\Temp


JNI global refs:

[error occurred during error reporting (JNI global references), id 0xc0000005, EXCEPTION_ACCESS_VIOLATION (0xc0000005) at pc=0x00007fff39617a10]


---------------  S Y S T E M  ---------------

OS:
 Windows 11 , 64 bit Build 22621 (10.0.22621.1778)
OS uptime: 5 days 5:48 hours
Hyper-V role detected

CPU: total 8 (initial active 8) (4 cores per cpu, 2 threads per core) family 6 model 165 stepping 2 microcode 0xe0, cx8, cmov, fxsr, ht, mmx, 3dnowpref, sse, sse2, sse3, ssse3, sse4.1, sse4.2, popcnt, lzcnt, tsc, tscinvbit, avx, avx2, aes, erms, clmul, bmi1, bmi2, adx, fma, vzeroupper, clflush, clflushopt, hv

Memory: 4k page, system-wide physical 8029M (402M free)
TotalPageFile size 32597M (AvailPageFile size 87M)
current process WorkingSet (physical memory assigned to process): 11M, peak: 11M
current process commit charge ("private bytes"): 60M, peak: 186M

vm_info: OpenJDK 64-Bit Server VM (17.0.6+0-b2043.56-10027231) for windows-amd64 JRE (17.0.6+0-b2043.56-10027231), built on Apr 28 2023 00:43:19 by "androidbuild" with MS VC++ 16.10 / 16.11 (VS2019)

END.
